# Logfile created on 2014-07-20 14:16:27 +0900 by logger.rb/36483
I, [2014-07-20T14:16:27.536624 #74736]  INFO -- : 0:  addressable (2.3.6) from /Users/s-nag/w/chef-repo/vendor/bundle/ruby/2.0.0/specifications/addressable-2.3.6.gemspec
I, [2014-07-20T14:16:29.594146 #74736]  INFO -- : 0:  multipart-post (2.0.0) from /Users/s-nag/w/chef-repo/vendor/bundle/ruby/2.0.0/specifications/multipart-post-2.0.0.gemspec
I, [2014-07-20T14:16:33.109734 #74736]  INFO -- : 0:  faraday (0.9.0) from /Users/s-nag/w/chef-repo/vendor/bundle/ruby/2.0.0/specifications/faraday-0.9.0.gemspec
I, [2014-07-20T14:16:35.869403 #74736]  INFO -- : 0:  berkshelf-api-client (1.2.0) from /Users/s-nag/w/chef-repo/vendor/bundle/ruby/2.0.0/specifications/berkshelf-api-client-1.2.0.gemspec
I, [2014-07-20T14:16:38.132173 #74736]  INFO -- : 0:  buff-extensions (1.0.0) from /Users/s-nag/w/chef-repo/vendor/bundle/ruby/2.0.0/specifications/buff-extensions-1.0.0.gemspec
I, [2014-07-20T14:16:41.600064 #74736]  INFO -- : 0:  hashie (2.1.2) from /Users/s-nag/w/chef-repo/vendor/bundle/ruby/2.0.0/specifications/hashie-2.1.2.gemspec
I, [2014-07-20T14:16:45.527355 #74736]  INFO -- : 0:  varia_model (0.4.0) from /Users/s-nag/w/chef-repo/vendor/bundle/ruby/2.0.0/specifications/varia_model-0.4.0.gemspec
I, [2014-07-20T14:16:48.318819 #74736]  INFO -- : 0:  buff-config (1.0.0) from /Users/s-nag/w/chef-repo/vendor/bundle/ruby/2.0.0/specifications/buff-config-1.0.0.gemspec
I, [2014-07-20T14:16:52.929119 #74736]  INFO -- : 0:  buff-ruby_engine (0.1.0) from /Users/s-nag/w/chef-repo/vendor/bundle/ruby/2.0.0/specifications/buff-ruby_engine-0.1.0.gemspec
I, [2014-07-20T14:16:57.332474 #74736]  INFO -- : 0:  buff-shell_out (0.1.1) from /Users/s-nag/w/chef-repo/vendor/bundle/ruby/2.0.0/specifications/buff-shell_out-0.1.1.gemspec
E, [2014-07-20T14:18:13.775844 #74736] ERROR -- : Gem::RemoteFetcher::FetchError: Errno::EHOSTUNREACH: No route to host - connect(2) (https://rubygems.org/gems/hitimes-1.2.2.gem)
/usr/local/opt/rbenv/versions/2.0.0-p0/lib/ruby/site_ruby/2.0.0/rubygems/remote_fetcher.rb:277:in `rescue in fetch_path'  \n/usr/local/opt/rbenv/versions/2.0.0-p0/lib/ruby/site_ruby/2.0.0/rubygems/remote_fetcher.rb:250:in `fetch_path'  \n/usr/local/opt/rbenv/versions/2.0.0-p0/lib/ruby/site_ruby/2.0.0/rubygems/remote_fetcher.rb:291:in `cache_update_path'  \n/usr/local/opt/rbenv/versions/2.0.0-p0/lib/ruby/site_ruby/2.0.0/rubygems/remote_fetcher.rb:157:in `download'  \n/usr/local/opt/rbenv/versions/2.0.0-p0/lib/ruby/gems/2.0.0/gems/bundler-1.5.1/lib/bundler/rubygems_integration.rb:511:in `download_gem'  \n/usr/local/opt/rbenv/versions/2.0.0-p0/lib/ruby/gems/2.0.0/gems/bundler-1.5.1/lib/bundler/fetcher.rb:41:in `download_gem_from_uri'  \n/usr/local/opt/rbenv/versions/2.0.0-p0/lib/ruby/gems/2.0.0/gems/bundler-1.5.1/lib/bundler/source/rubygems.rb:78:in `install'  \n/usr/local/opt/rbenv/versions/2.0.0-p0/lib/ruby/gems/2.0.0/gems/bundler-1.5.1/lib/bundler/installer.rb:111:in `block in install_gem_from_spec'  \n/usr/local/opt/rbenv/versions/2.0.0-p0/lib/ruby/gems/2.0.0/gems/bundler-1.5.1/lib/bundler/rubygems_integration.rb:150:in `with_build_args'  \n/usr/local/opt/rbenv/versions/2.0.0-p0/lib/ruby/gems/2.0.0/gems/bundler-1.5.1/lib/bundler/installer.rb:110:in `install_gem_from_spec'  \n/usr/local/opt/rbenv/versions/2.0.0-p0/lib/ruby/gems/2.0.0/gems/bundler-1.5.1/lib/bundler/installer.rb:295:in `block in install_sequentially'  \n/usr/local/opt/rbenv/versions/2.0.0-p0/lib/ruby/2.0.0/forwardable.rb:171:in `each'  \n/usr/local/opt/rbenv/versions/2.0.0-p0/lib/ruby/2.0.0/forwardable.rb:171:in `each'  \n/usr/local/opt/rbenv/versions/2.0.0-p0/lib/ruby/gems/2.0.0/gems/bundler-1.5.1/lib/bundler/installer.rb:294:in `install_sequentially'  \n/usr/local/opt/rbenv/versions/2.0.0-p0/lib/ruby/gems/2.0.0/gems/bundler-1.5.1/lib/bundler/installer.rb:97:in `run'  \n/usr/local/opt/rbenv/versions/2.0.0-p0/lib/ruby/gems/2.0.0/gems/bundler-1.5.1/lib/bundler/installer.rb:15:in `install'  \n/usr/local/opt/rbenv/versions/2.0.0-p0/lib/ruby/gems/2.0.0/gems/bundler-1.5.1/lib/bundler/cli.rb:257:in `install'  \n/usr/local/opt/rbenv/versions/2.0.0-p0/lib/ruby/gems/2.0.0/gems/bundler-1.5.1/lib/bundler/vendor/thor/command.rb:27:in `run'  \n/usr/local/opt/rbenv/versions/2.0.0-p0/lib/ruby/gems/2.0.0/gems/bundler-1.5.1/lib/bundler/vendor/thor/invocation.rb:120:in `invoke_command'  \n/usr/local/opt/rbenv/versions/2.0.0-p0/lib/ruby/gems/2.0.0/gems/bundler-1.5.1/lib/bundler/vendor/thor.rb:363:in `dispatch'  \n/usr/local/opt/rbenv/versions/2.0.0-p0/lib/ruby/gems/2.0.0/gems/bundler-1.5.1/lib/bundler/vendor/thor/base.rb:438:in `start'  \n/usr/local/opt/rbenv/versions/2.0.0-p0/lib/ruby/gems/2.0.0/gems/bundler-1.5.1/lib/bundler/cli.rb:10:in `start'  \n/usr/local/opt/rbenv/versions/2.0.0-p0/lib/ruby/gems/2.0.0/gems/bundler-1.5.1/bin/bundle:22:in `block in <top (required)>'  \n/usr/local/opt/rbenv/versions/2.0.0-p0/lib/ruby/gems/2.0.0/gems/bundler-1.5.1/lib/bundler/friendly_errors.rb:5:in `with_friendly_errors'  \n/usr/local/opt/rbenv/versions/2.0.0-p0/lib/ruby/gems/2.0.0/gems/bundler-1.5.1/bin/bundle:22:in `<top (required)>'  \n/usr/local/opt/rbenv/versions/2.0.0-p0/bin/bundle:23:in `load'  \n/usr/local/opt/rbenv/versions/2.0.0-p0/bin/bundle:23:in `<main>'
I, [2014-07-20T14:20:13.074565 #76103]  INFO -- : 0:  addressable (2.3.6) from /Users/s-nag/w/chef-repo/vendor/bundle/ruby/2.0.0/specifications/addressable-2.3.6.gemspec
I, [2014-07-20T14:20:13.076235 #76103]  INFO -- : 0:  multipart-post (2.0.0) from /Users/s-nag/w/chef-repo/vendor/bundle/ruby/2.0.0/specifications/multipart-post-2.0.0.gemspec
I, [2014-07-20T14:20:13.077085 #76103]  INFO -- : 0:  faraday (0.9.0) from /Users/s-nag/w/chef-repo/vendor/bundle/ruby/2.0.0/specifications/faraday-0.9.0.gemspec
I, [2014-07-20T14:20:13.077811 #76103]  INFO -- : 0:  berkshelf-api-client (1.2.0) from /Users/s-nag/w/chef-repo/vendor/bundle/ruby/2.0.0/specifications/berkshelf-api-client-1.2.0.gemspec
I, [2014-07-20T14:20:13.078372 #76103]  INFO -- : 0:  buff-extensions (1.0.0) from /Users/s-nag/w/chef-repo/vendor/bundle/ruby/2.0.0/specifications/buff-extensions-1.0.0.gemspec
I, [2014-07-20T14:20:13.078946 #76103]  INFO -- : 0:  hashie (2.1.2) from /Users/s-nag/w/chef-repo/vendor/bundle/ruby/2.0.0/specifications/hashie-2.1.2.gemspec
I, [2014-07-20T14:20:13.079491 #76103]  INFO -- : 0:  varia_model (0.4.0) from /Users/s-nag/w/chef-repo/vendor/bundle/ruby/2.0.0/specifications/varia_model-0.4.0.gemspec
I, [2014-07-20T14:20:13.080241 #76103]  INFO -- : 0:  buff-config (1.0.0) from /Users/s-nag/w/chef-repo/vendor/bundle/ruby/2.0.0/specifications/buff-config-1.0.0.gemspec
I, [2014-07-20T14:20:13.081038 #76103]  INFO -- : 0:  buff-ruby_engine (0.1.0) from /Users/s-nag/w/chef-repo/vendor/bundle/ruby/2.0.0/specifications/buff-ruby_engine-0.1.0.gemspec
I, [2014-07-20T14:20:13.081645 #76103]  INFO -- : 0:  buff-shell_out (0.1.1) from /Users/s-nag/w/chef-repo/vendor/bundle/ruby/2.0.0/specifications/buff-shell_out-0.1.1.gemspec
I, [2014-07-20T14:20:16.915986 #76103]  INFO -- : 0:  hitimes (1.2.2) from /Users/s-nag/w/chef-repo/vendor/bundle/ruby/2.0.0/specifications/hitimes-1.2.2.gemspec
I, [2014-07-20T14:20:19.986814 #76103]  INFO -- : 0:  timers (3.0.1) from /Users/s-nag/w/chef-repo/vendor/bundle/ruby/2.0.0/specifications/timers-3.0.1.gemspec
I, [2014-07-20T14:20:25.889411 #76103]  INFO -- : 0:  celluloid (0.16.0.pre2) from /Users/s-nag/w/chef-repo/vendor/bundle/ruby/2.0.0/specifications/celluloid-0.16.0.pre2.gemspec
I, [2014-07-20T14:20:32.354480 #76103]  INFO -- : 0:  nio4r (1.0.0) from /Users/s-nag/w/chef-repo/vendor/bundle/ruby/2.0.0/specifications/nio4r-1.0.0.gemspec
I, [2014-07-20T14:20:39.220641 #76103]  INFO -- : 0:  celluloid-io (0.16.0.pre2) from /Users/s-nag/w/chef-repo/vendor/bundle/ruby/2.0.0/specifications/celluloid-io-0.16.0.pre2.gemspec
I, [2014-07-20T14:20:46.260301 #76103]  INFO -- : 0:  minitar (0.5.4) from /Users/s-nag/w/chef-repo/vendor/bundle/ruby/2.0.0/specifications/minitar-0.5.4.gemspec
I, [2014-07-20T14:20:48.408792 #76103]  INFO -- : 0:  sawyer (0.5.4) from /Users/s-nag/w/chef-repo/vendor/bundle/ruby/2.0.0/specifications/sawyer-0.5.4.gemspec
I, [2014-07-20T14:20:53.531146 #76103]  INFO -- : 0:  octokit (3.2.0) from /Users/s-nag/w/chef-repo/vendor/bundle/ruby/2.0.0/specifications/octokit-3.2.0.gemspec
I, [2014-07-20T14:21:02.664751 #76103]  INFO -- : 0:  retryable (1.3.5) from /Users/s-nag/w/chef-repo/vendor/bundle/ruby/2.0.0/specifications/retryable-1.3.5.gemspec
I, [2014-07-20T14:21:07.281232 #76103]  INFO -- : 0:  buff-ignore (1.1.1) from /Users/s-nag/w/chef-repo/vendor/bundle/ruby/2.0.0/specifications/buff-ignore-1.1.1.gemspec
I, [2014-07-20T14:21:15.553124 #76103]  INFO -- : 0:  erubis (2.7.0) from /Users/s-nag/w/chef-repo/vendor/bundle/ruby/2.0.0/specifications/erubis-2.7.0.gemspec
I, [2014-07-20T14:21:21.726212 #76103]  INFO -- : 0:  json (1.8.1) from /Users/s-nag/w/chef-repo/vendor/bundle/ruby/2.0.0/specifications/json-1.8.1.gemspec
I, [2014-07-20T14:21:27.246417 #76103]  INFO -- : 0:  mixlib-log (1.6.0) from /Users/s-nag/w/chef-repo/vendor/bundle/ruby/2.0.0/specifications/mixlib-log-1.6.0.gemspec
I, [2014-07-20T14:21:32.144887 #76103]  INFO -- : 0:  mixlib-authentication (1.3.0) from /Users/s-nag/w/chef-repo/vendor/bundle/ruby/2.0.0/specifications/mixlib-authentication-1.3.0.gemspec
I, [2014-07-20T14:21:35.565061 #76103]  INFO -- : 0:  net-http-persistent (2.9.4) from /Users/s-nag/w/chef-repo/vendor/bundle/ruby/2.0.0/specifications/net-http-persistent-2.9.4.gemspec
I, [2014-07-20T14:21:39.503630 #76103]  INFO -- : 0:  semverse (1.1.0) from /Users/s-nag/w/chef-repo/vendor/bundle/ruby/2.0.0/specifications/semverse-1.1.0.gemspec
I, [2014-07-20T14:21:44.331282 #76103]  INFO -- : 0:  ridley (4.0.0) from /Users/s-nag/w/chef-repo/vendor/bundle/ruby/2.0.0/specifications/ridley-4.0.0.gemspec
I, [2014-07-20T14:26:05.740927 #76103]  INFO -- : 0:  dep-selector-libgecode (1.0.2) from /Users/s-nag/w/chef-repo/vendor/bundle/ruby/2.0.0/specifications/dep-selector-libgecode-1.0.2.gemspec
I, [2014-07-20T14:26:24.339074 #76103]  INFO -- : 0:  ffi (1.9.3) from /Users/s-nag/w/chef-repo/vendor/bundle/ruby/2.0.0/specifications/ffi-1.9.3.gemspec
I, [2014-07-20T14:26:34.180520 #76103]  INFO -- : 0:  dep_selector (1.0.3) from /Users/s-nag/w/chef-repo/vendor/bundle/ruby/2.0.0/specifications/dep_selector-1.0.3.gemspec
I, [2014-07-20T14:26:42.248366 #76103]  INFO -- : 0:  solve (1.2.1) from /Users/s-nag/w/chef-repo/vendor/bundle/ruby/2.0.0/specifications/solve-1.2.1.gemspec
I, [2014-07-20T14:26:47.944366 #76103]  INFO -- : 0:  thor (0.19.1) from /Users/s-nag/w/chef-repo/vendor/bundle/ruby/2.0.0/specifications/thor-0.19.1.gemspec
I, [2014-07-20T14:26:54.883524 #76103]  INFO -- : 0:  berkshelf (3.1.4) from /Users/s-nag/w/chef-repo/vendor/bundle/ruby/2.0.0/specifications/berkshelf-3.1.4.gemspec
I, [2014-07-20T14:26:54.886462 #76103]  INFO -- : 0:  bundler (1.5.1) from /usr/local/opt/rbenv/versions/2.0.0-p0/lib/ruby/gems/2.0.0/gems/bundler-1.5.1/lib/bundler/source
